<?xml version="1.0" encoding="UTF-8"?>
<testng-results ignored="0" total="1" passed="1" failed="0" skipped="0">
  <reporter-output>
  </reporter-output>
  <suite started-at="2020-07-24T13:47:45 EET" name="Default suite" finished-at="2020-07-24T13:47:47 EET" duration-ms="1809">
    <groups>
    </groups>
    <test started-at="2020-07-24T13:47:45 EET" name="Default test" finished-at="2020-07-24T13:47:47 EET" duration-ms="1809">
      <class name="org.RestAssuredAPI.ApiTest1NG">
        <test-method signature="requestUsZipCode90210_checkPlaceName()[pri:0, instance:org.RestAssuredAPI.ApiTest1NG@c86b9e3]" started-at="2020-07-24T13:47:45 EET" name="requestUsZipCode90210_checkPlaceName" finished-at="2020-07-24T13:47:47 EET" duration-ms="1785" status="PASS">
          <reporter-output>
          </reporter-output>
        </test-method> <!-- requestUsZipCode90210_checkPlaceName -->
      </class> <!-- org.RestAssuredAPI.ApiTest1NG -->
    </test> <!-- Default test -->
  </suite> <!-- Default suite -->
</testng-results>
