<?xml version="1.0" encoding="UTF-8"?>
<!-- Generated by org.testng.reporters.JUnitXMLReporter -->
<testsuite ignored="0" hostname="EG-AAREF" failures="0" tests="15" name="Allure reporting with TestNG tests" time="4.009" errors="0" timestamp="2020-09-08T14:43:49 EET">
  <testcase classname="org.RestAssuredAPI.APIsTestWithCleanCode" name="createResponseSpecification" time="0.067"/>
  <testcase classname="org.RestAssuredAPI.APIHeaders" name="requestUsZipCode90210_checkStatusCode" time="1.866"/>
  <testcase classname="org.RestAssuredAPI.APIsTestWithCleanCode" name="CheckReqestStatusCode" time="1.25"/>
  <testcase classname="org.RestAssuredAPI.APIHeaders" name="requestUsZipCode90210_checkContentType" time="1.871"/>
  <testcase classname="org.RestAssuredAPI.ApiTest1NG" name="requestUsZipCode90210_logRequestAndResponseDetails" time="0.326"/>
  <testcase classname="org.RestAssuredAPI.ApiTest1NG" name="requestUsZipCode90210_checkCountryName" time="0.566"/>
  <testcase classname="org.RestAssuredAPI.APIsTestWithCleanCode" name="checkPlaceNameInResponseBody_withResponseSpec" time="1.825"/>
  <testcase classname="org.RestAssuredAPI.ApiTest1NG" name="requestUsZipCode90210_checkListOfPlacesName" time="0.563"/>
  <testcase classname="org.RestAssuredAPI.APIsTestWithCleanCode" name="extractPlaceNameFromResponseBody" time="1.663"/>
  <testcase classname="org.RestAssuredAPI.ApiTest1NG" name="requestUsZipCode90210_checkTheNumberOfPlaces" time="0.287"/>
  <testcase classname="org.RestAssuredAPI.ApiTest1NG" name="requestUsZipCode90210_checkPlaceState" time="0.271"/>
  <testcase classname="org.RestAssuredAPI.APiWithDP" name="checkplaceName" time="0.296"/>
  <testcase classname="org.RestAssuredAPI.APiWithDP" name="checkplaceName" time="0.284"/>
  <testcase classname="org.RestAssuredAPI.APiWithDP" name="checkplaceName" time="0.666"/>
  <testcase classname="org.RestAssuredAPI.APiWithDP" name="checkplaceName" time="0.262"/>
</testsuite> <!-- Allure reporting with TestNG tests -->
