<?xml version="1.0" encoding="UTF-8"?>
<!-- Generated by org.testng.reporters.JUnitXMLReporter -->
<testsuite ignored="0" hostname="EG-AAREF" failures="0" tests="6" name="Default test" time="3.637" errors="0" timestamp="2020-07-26T17:05:07 EET">
  <testcase classname="org.RestAssuredAPI.ApiTest1NG" name="requestUsZipCode90210_checkCountryName" time="2.028"/>
  <testcase classname="org.RestAssuredAPI.ApiTest1NG" name="requestUsZipCode90210_checkListOfPlacesName" time="0.268"/>
  <testcase classname="org.RestAssuredAPI.ApiTest1NG" name="requestUsZipCode90210_checkPlaceName" time="0.348"/>
  <testcase classname="org.RestAssuredAPI.ApiTest1NG" name="requestUsZipCode90210_checkPlaceState" time="0.276"/>
  <testcase classname="org.RestAssuredAPI.ApiTest1NG" name="requestUsZipCode90210_checkTheNumberOfPlaces" time="0.326"/>
  <testcase classname="org.RestAssuredAPI.ApiTest1NG" name="requestUsZipCode90210_logRequestAndResponseDetails" time="0.364"/>
</testsuite> <!-- Default test -->
