<?xml version="1.0" encoding="UTF-8"?>
<!-- Generated by org.testng.reporters.JUnitXMLReporter -->
<testsuite ignored="0" hostname="EG-AAREF" failures="0" tests="3" name="Default test" time="4.867" errors="0" timestamp="2020-08-12T14:32:42 EET">
  <testcase classname="org.RestAssuredAPI.APIsTestWithCleanCode" name="CheckReqestStatusCode" time="1.874"/>
  <testcase classname="org.RestAssuredAPI.APIsTestWithCleanCode" name="checkPlaceNameInResponseBody_withResponseSpec" time="1.44"/>
  <testcase classname="org.RestAssuredAPI.APIsTestWithCleanCode" name="extractPlaceNameFromResponseBody" time="0.895"/>
</testsuite> <!-- Default test -->
